ChickenGame/Library/Bee/Android/Prj/Mono2x/Gradle/unityLibrary/build/intermediates/manifest_merge_blame_file/release/manifest-merger-blame-release-report.txt
1<?xml version="1.0" encoding="utf-8"?>
2<manifest xmlns:android="http://schemas.android.com/apk/res/android"
3    xmlns:tools="http://schemas.android.com/tools"
4    package="com.unity3d.player"
5    android:versionCode="1"
6    android:versionName="1.1" >
7
8    <uses-sdk
9        android:minSdkVersion="22"
9-->src\main\AndroidManifest.xml
10        android:targetSdkVersion="30" />
10-->src\main\AndroidManifest.xml
11
12    <uses-feature android:glEsVersion="0x00020000" />
12-->src\main\AndroidManifest.xml:22:3-52
12-->src\main\AndroidManifest.xml:22:17-49
13    <uses-feature
13-->src\main\AndroidManifest.xml:23:3-88
14        android:name="android.hardware.touchscreen"
14-->src\main\AndroidManifest.xml:23:17-60
15        android:required="false" />
15-->src\main\AndroidManifest.xml:23:61-85
16    <uses-feature
16-->src\main\AndroidManifest.xml:24:3-99
17        android:name="android.hardware.touchscreen.multitouch"
17-->src\main\AndroidManifest.xml:24:17-71
18        android:required="false" />
18-->src\main\AndroidManifest.xml:24:72-96
19    <uses-feature
19-->src\main\AndroidManifest.xml:25:3-108
20        android:name="android.hardware.touchscreen.multitouch.distinct"
20-->src\main\AndroidManifest.xml:25:17-80
21        android:required="false" />
21-->src\main\AndroidManifest.xml:25:81-105
22
23    <application
23-->src\main\AndroidManifest.xml:3:3-21:17
24        android:extractNativeLibs="true"
24-->src\main\AndroidManifest.xml:3:16-48
25        android:isGame="true" >
25-->src\main\AndroidManifest.xml:3:49-70
26        <activity
26-->src\main\AndroidManifest.xml:4:5-14:16
27            android:name="com.unity3d.player.UnityPlayerActivity"
27-->src\main\AndroidManifest.xml:4:15-68
28            android:configChanges="mcc|mnc|locale|touchscreen|keyboard|keyboardHidden|navigation|orientation|screenLayout|uiMode|screenSize|smallestScreenSize|fontScale|layoutDirection|density"
28-->src\main\AndroidManifest.xml:4:181-362
29            android:hardwareAccelerated="false"
29-->src\main\AndroidManifest.xml:4:397-432
30            android:launchMode="singleTask"
30-->src\main\AndroidManifest.xml:4:149-180
31            android:resizeableActivity="true"
31-->src\main\AndroidManifest.xml:4:363-396
32            android:screenOrientation="landscape"
32-->src\main\AndroidManifest.xml:4:111-148
33            android:theme="@style/UnityThemeSelector" >
33-->src\main\AndroidManifest.xml:4:69-110
34            <intent-filter>
34-->src\main\AndroidManifest.xml:5:7-9:23
35                <action android:name="android.intent.action.MAIN" />
35-->src\main\AndroidManifest.xml:6:9-61
35-->src\main\AndroidManifest.xml:6:17-58
36
37                <category android:name="android.intent.category.LAUNCHER" />
37-->src\main\AndroidManifest.xml:7:9-69
37-->src\main\AndroidManifest.xml:7:19-66
38                <category android:name="android.intent.category.LEANBACK_LAUNCHER" />
38-->src\main\AndroidManifest.xml:8:9-78
38-->src\main\AndroidManifest.xml:8:19-75
39            </intent-filter>
40
41            <meta-data
41-->src\main\AndroidManifest.xml:10:7-82
42                android:name="unityplayer.UnityActivity"
42-->src\main\AndroidManifest.xml:10:18-58
43                android:value="true" />
43-->src\main\AndroidManifest.xml:10:59-79
44            <meta-data
44-->src\main\AndroidManifest.xml:11:7-130
45                android:name="WindowManagerPreference:FreeformWindowSize"
45-->src\main\AndroidManifest.xml:11:18-75
46                android:value="@string/FreeformWindowSize_maximize" />
46-->src\main\AndroidManifest.xml:11:76-127
47            <meta-data
47-->src\main\AndroidManifest.xml:12:7-145
48                android:name="WindowManagerPreference:FreeformWindowOrientation"
48-->src\main\AndroidManifest.xml:12:18-82
49                android:value="@string/FreeformWindowOrientation_landscape" />
49-->src\main\AndroidManifest.xml:12:83-142
50            <meta-data
50-->src\main\AndroidManifest.xml:13:7-78
51                android:name="android.notch_support"
51-->src\main\AndroidManifest.xml:13:18-54
52                android:value="true" />
52-->src\main\AndroidManifest.xml:13:55-75
53        </activity>
54
55        <meta-data
55-->src\main\AndroidManifest.xml:15:5-69
56            android:name="unity.splash-mode"
56-->src\main\AndroidManifest.xml:15:16-48
57            android:value="0" />
57-->src\main\AndroidManifest.xml:15:49-66
58        <meta-data
58-->src\main\AndroidManifest.xml:16:5-74
59            android:name="unity.splash-enable"
59-->src\main\AndroidManifest.xml:16:16-50
60            android:value="True" />
60-->src\main\AndroidManifest.xml:16:51-71
61        <meta-data
61-->src\main\AndroidManifest.xml:17:5-78
62            android:name="unity.launch-fullscreen"
62-->src\main\AndroidManifest.xml:17:16-54
63            android:value="True" />
63-->src\main\AndroidManifest.xml:17:55-75
64        <meta-data
64-->src\main\AndroidManifest.xml:18:5-83
65            android:name="unity.allow-resizable-window"
65-->src\main\AndroidManifest.xml:18:16-59
66            android:value="True" />
66-->src\main\AndroidManifest.xml:18:60-80
67        <meta-data
67-->src\main\AndroidManifest.xml:19:5-81
68            android:name="notch.config"
68-->src\main\AndroidManifest.xml:19:16-43
69            android:value="portrait|landscape" />
69-->src\main\AndroidManifest.xml:19:44-78
70        <meta-data
70-->src\main\AndroidManifest.xml:20:5-84
71            android:name="unity.auto-report-fully-drawn"
71-->src\main\AndroidManifest.xml:20:16-60
72            android:value="true" />
72-->src\main\AndroidManifest.xml:20:61-81
73    </application>
74
75</manifest>